  Source.cpp
Source.cpp(106): warning C4474: 'sprintf_s': 書式文字列に渡された引数の数が多すぎます
  Source.cpp(106): note: プレースホルダーとそのパラメーターには 0 の可変個引数が必要ですが、1 が指定されています。
Source.cpp(109): warning C4474: 'sprintf_s': 書式文字列に渡された引数の数が多すぎます
  Source.cpp(109): note: プレースホルダーとそのパラメーターには 0 の可変個引数が必要ですが、1 が指定されています。
Source.cpp(112): warning C4474: 'sprintf_s': 書式文字列に渡された引数の数が多すぎます
  Source.cpp(112): note: プレースホルダーとそのパラメーターには 0 の可変個引数が必要ですが、1 が指定されています。
Source.cpp(115): warning C4474: 'sprintf_s': 書式文字列に渡された引数の数が多すぎます
  Source.cpp(115): note: プレースホルダーとそのパラメーターには 0 の可変個引数が必要ですが、1 が指定されています。
Source.cpp(118): warning C4474: 'sprintf_s': 書式文字列に渡された引数の数が多すぎます
  Source.cpp(118): note: プレースホルダーとそのパラメーターには 0 の可変個引数が必要ですが、1 が指定されています。
Source.cpp(121): warning C4474: 'sprintf_s': 書式文字列に渡された引数の数が多すぎます
  Source.cpp(121): note: プレースホルダーとそのパラメーターには 0 の可変個引数が必要ですが、1 が指定されています。
  コード生成しています。
  1 of 13 functions ( 7.7%) were compiled, the rest were copied from previous compilation.
    0 functions were new in current compilation
    0 functions had inline decision re-evaluated but remain unchanged
  コード生成が終了しました。
  ConsoleApplication1.vcxproj -> C:\Users\tetsuya\Desktop\研究ファイル\M1\プログラム\1-3間 200000Hz\ConsoleApplication1\Release\ConsoleApplication1.exe
  ConsoleApplication1.vcxproj -> C:\Users\tetsuya\Desktop\研究ファイル\M1\プログラム\1-3間 200000Hz\ConsoleApplication1\Release\ConsoleApplication1.pdb (Full PDB)
